jxjxcConcise/proguard-rules.pro
# Add project specific ProGuard rules here.
# You can control the set of applied configuration files using the
# proguardFiles setting in build.gradle.
#
# For more details, see
#   http://developer.android.com/guide/developing/tools/proguard.html

# If your project uses WebView with JS, uncomment the following
# and specify the fully qualified class name to the JavaScript interface
# class:
#-keepclassmembers class fqcn.of.javascript.interface.for.webview {
#   public *;
#}

# Uncomment this to preserve the line number information for
# debugging stack traces.
#-keepattributes SourceFile,LineNumberTable

# If you keep the line number information, uncomment this to
# hide the original source file name.
#-renamesourcefileattribute SourceFile
# 如果使用了Gson之类的工具要使被它解析的JavaBean类即实体类不被混淆。（这里填写自己项目中存放Bean对象的具体路径）
-keep class com.yiande.jxjxc2.bean.** { *; }

#--------------------------2.第三方包-------------------------------
#mylibrary
-keep class com.mylibrary.api.bean.** { *; }

#Gson
-keepattributes Signature
-keepattributes *Annotation*
-keep class sun.misc.Unsafe { *; }

-dontwarn com.google.**
-keep class com.google.gson.** {*;}

#butterknife
-keep class butterknife.** { *; }
-dontwarn butterknife.internal.**
-keep class **$$ViewBinder { *; }

#-------------- okhttp3 start-------------
# OkHttp3
# https://github.com/square/okhttp
# okhttp
-keepattributes Signature
-keepattributes *Annotation*
-keep class com.squareup.okhttp.* { *; }
-keep interface com.squareup.okhttp.** { *; }
-dontwarn com.squareup.okhttp.**

# okhttp 3
-keep class okhttp3.** { *; }
-keep interface okhttp3.** { *; }
-dontwarn okhttp3.**

# Okio
-dontwarn com.squareup.**
-dontwarn okio.**
-keep public class org.codehaus.* { *; }
-keep public class java.nio.* { *; }
#----------okhttp end--------------

#PictureSelector 2.0
-keep class com.luck.picture.lib.** { *; }

#Ucrop
-dontwarn com.yalantis.ucrop**
-keep class com.yalantis.ucrop** { *; }
-keep interface com.yalantis.ucrop** { *; }

#Okio
-dontwarn org.codehaus.mojo.animal_sniffer.*
#PictureSelector 2.0

 #定位
    -keep class com.amap.api.location.**{*;}
    -keep class com.amap.api.fence.**{*;}
    -keep class com.loc.**{*;}
    -keep class com.autonavi.aps.amapapi.model.**{*;}
 #定位


#------------ BaseQuickAdapter -------------------
-keep class com.chad.library.adapter.** {
*;
}
-keep public class * extends com.chad.library.adapter.base.BaseQuickAdapter
-keep public class * extends com.chad.library.adapter.base.BaseViewHolder
-keepclassmembers  class **$** extends com.chad.library.adapter.base.BaseViewHolder {
     <init>(...);
}

#------------ BaseQuickAdapter -------------------

#libs目录下的第三方jar包，注意名称


#-------------------------3.与js互相调用的类------------------------



#-------------------------4.反射相关的类和方法----------------------



#-------------------------5.基本不用动区域--------------------------

# 代码混淆压缩比，在0~7之间，默认为5,一般不下需要修改
-optimizationpasses 5

# 混淆时不使用大小写混合，混淆后的类名为小写
# windows下的同学还是加入这个选项吧(windows大小写不敏感)
-dontusemixedcaseclassnames

# 指定不去忽略非公共的库的类
# 默认跳过，有些情况下编写的代码与类库中的类在同一个包下，并且持有包中内容的引用，此时就需要加入此条声明
-dontskipnonpubliclibraryclasses

# 指定不去忽略非公共的库的类的成员
-dontskipnonpubliclibraryclassmembers

# 不做预检验，preverify是proguard的四个步骤之一
# Android不需要preverify，去掉这一步可以加快混淆速度
-dontpreverify

# 有了verbose这句话，混淆后就会生成映射文件
# 包含有类名->混淆后类名的映射关系
# 然后使用printmapping指定映射文件的名称
-verbose

# 混淆前后的映射
-printmapping proguard/mapping.txt
# 指定混淆时采用的算法，后面的参数是一个过滤器
# 这个过滤器是谷歌推荐的算法，一般不改变
-optimizations !code/simplification/artithmetic,!field/*,!class/merging/*

# 保护代码中的Annotation不被混淆
# 这在JSON实体映射时非常重要，比如fastJson
-keepattributes *Annotation*

# 避免混淆泛型
# 这在JSON实体映射时非常重要，比如fastJson
-keepattributes Signature

# 抛出异常时保留代码行号
-keepattributes SourceFile,LineNumberTable

#优化  不优化输入的类文件
-dontoptimize

# 保留sdk系统自带的一些内容 【例如：-keepattributes *Annotation* 会保留Activity的被@override注释的onCreate、onDestroy方法等】
-keepattributes Exceptions,InnerClasses,Signature,Deprecated,SourceFile,LineNumberTable,*Annotation*,EnclosingMethod

# 记录生成的日志数据,gradle build时在本项根目录输出
# apk 包内所有 class 的内部结构
-dump proguard/class_files.txt
# 未混淆的类和成员
-printseeds proguard/seeds.txt
# 列出从 apk 中删除的代码
-printusage proguard/unused.txt

#-----------------------------6.默认保留区-----------------------
# 保持 native 方法不被混淆
-keepclasseswithmembernames class * {
    native <methods>;
}
-keepclassmembers public class * extends android.view.View {
 public <init>(android.content.Context);
 public <init>(android.content.Context, android.util.AttributeSet);
 public <init>(android.content.Context, android.util.AttributeSet, int);
 public void set*(***);
}

#保持 Serializable 不被混淆
-keepclassmembers class * implements java.io.Serializable {
    static final long serialVersionUID;
    private static final java.io.ObjectStreamField[] serialPersistentFields;
    !static !transient <fields>;
    !private <fields>;
    !private <methods>;
    private void writeObject(java.io.ObjectOutputStream);
    private void readObject(java.io.ObjectInputStream);
    java.lang.Object writeReplace();
    java.lang.Object readResolve();
}

# 保持自定义控件类不被混淆
-keepclasseswithmembers class * {
    public <init>(android.content.Context,android.util.AttributeSet);
}
# 保持自定义控件类不被混淆
-keepclasseswithmembers class * {
    public <init>(android.content.Context,android.util.AttributeSet,int);
}
# 保持自定义控件类不被混淆
-keepclassmembers class * extends android.app.Activity {
    public void *(android.view.View);
}

# 保持枚举 enum 类不被混淆
-keepclassmembers enum * {
    public static **[] values();
    public static ** valueOf(java.lang.String);
}

# 保持 Parcelable 不被混淆
-keep class * implements android.os.Parcelable {
  public static final android.os.Parcelable$Creator *;
}

# 不混淆R文件中的所有静态字段，我们都知道R文件是通过字段来记录每个资源的id的，字段名要是被混淆了，id也就找不着了。
-keepclassmembers class **.R$* {
    public static <fields>;
}

#如果引用了v4或者v7包
-dontwarn android.support.**

# 保持哪些类不被混淆
-keep public class * extends android.app.Appliction
-keep public class * extends android.app.Activity
-keep public class * extends android.app.Fragment
-keep public class * extends android.app.Service
-keep public class * extends android.content.BroadcastReceiver
-keep public class * extends android.content.ContentProvider
-keep public class * extends android.preference.Preference

-keep class com.zhy.http.okhttp.**{*;}
-keep class com.wiwide.util.** {*;}

# ============忽略警告，否则打包可能会不成功=============
-ignorewarnings