jxjxcConcise/proguard/seeds.txt
com.yiande.jxjxc.R$styleable: int[] VariedConstraintLayout
com.yiande.jxjxc.R$styleable: int ShadeViewGroup_containerShadowColor
com.yiande.jxjxc.R$styleable: int OnSwipe_onTouchUp
com.yiande.jxjxc.R$styleable: int AppCompatTheme_windowMinWidthMajor
com.yiande.jxjxc.R$styleable: int ConstraintLayout_Layout_android_paddingTop
com.yiande.jxjxc.R$styleable: int SwitchButton_kswThumbWidth
com.yiande.jxjxc.R$styleable: int AppCompatTheme_listPreferredItemHeightLarge
com.yiande.jxjxc.R$styleable: int VariedConstraintLayout_attr_startColor
com.yiande.jxjxc.R$styleable: int[] ActionMode
com.yiande.jxjxc.R$styleable: int ActionBar_height
com.yiande.jxjxc.R$styleable: int ConstraintSet_layout_constraintTop_toTopOf
com.yiande.jxjxc.R$styleable: int ConstraintSet_layout_constraintGuide_percent
com.yiande.jxjxc.adapter.UserAdapter
com.yiande.jxjxc.R$styleable: int EditView_android_inputType
com.yiande.jxjxc.R$styleable: int FooterView_srlDrawableProgress
com.yiande.jxjxc.bean.EmployeeBean: java.lang.String Name
com.yiande.jxjxc.R$styleable: int MenuItem_tooltipText
com.yiande.jxjxc.R$styleable: int KeyAttribute_motionProgress
com.yiande.jxjxc.R$styleable: int RatingBar_starFill
com.yiande.jxjxc.R$styleable: int AppCompatImageView_android_src
com.yiande.jxjxc.R$styleable: int MaterialCardView_rippleColor
com.yiande.jxjxc.R$styleable: int TextInputLayout_android_textColorHint
com.yiande.jxjxc.R$styleable: int ChipGroup_singleSelection
com.yiande.jxjxc.R$styleable: int Constraint_layout_goneMarginLeft
com.yiande.jxjxc.activity.ProductActivity: ProductActivity()
com.yiande.jxjxc.R$styleable: int[] EditLengthView
com.yiande.jxjxc.R$styleable: int AppCompatTheme_panelMenuListTheme
com.yiande.jxjxc.R$styleable: int ConstraintSet_flow_verticalAlign
com.yiande.jxjxc.R$styleable: int ClassicsFooter_srlAccentColor
com.yiande.jxjxc.R$styleable: int VariedEditText_attr_endColor
com.yiande.jxjxc.R$styleable: int MaterialCalendarItem_android_insetLeft
com.yiande.jxjxc.activity.AdminAddActivity: AdminAddActivity()
com.yiande.jxjxc.R$styleable: int Toolbar_titleMarginTop
com.yiande.jxjxc.R$styleable: int VariedConstraintLayout_attr_topRightRadius
com.yiande.jxjxc.R$styleable: int MaterialAlertDialogTheme_materialAlertDialogTitleIconStyle
com.yiande.jxjxc.activity.AfterServiceDetailActivity: AfterServiceDetailActivity()
com.yiande.jxjxc.R$styleable: int KeyTimeCycle_waveShape
com.yiande.jxjxc.view.EditView: void setShowNumber(boolean)
com.yiande.jxjxc.R$styleable: int MenuItem_iconTintMode
com.yiande.jxjxc.R$styleable: int VariedTextView_attr_gradientType
com.yiande.jxjxc.R$styleable: int RecyclerView_layoutManager
com.yiande.jxjxc.view.OrderTypeView: OrderTypeView(android.content.Context,android.util.AttributeSet)
com.yiande.jxjxc.R$styleable: int[] ActionMenuView
com.yiande.jxjxc.R$styleable: int Motion_animate_relativeTo
com.yiande.jxjxc.bean.OrderProAddBean: int OrderDetail_IsEdit
com.yiande.jxjxc.R$styleable: int[] Motion
com.yiande.jxjxc.R$styleable: int Variant_region_widthLessThan
com.yiande.jxjxc.bean.ProductBean: void setProduct_IsBuyPrice(java.lang.String)
com.yiande.jxjxc.R$styleable: int[] PickerRecyclerView
com.yiande.jxjxc.R$styleable: int AppCompatTheme_actionModeCloseDrawable
com.yiande.jxjxc.R$styleable: int Badge_maxCharacterCount
com.yiande.jxjxc.R$styleable: int TextInputLayout_prefixTextAppearance
com.yiande.jxjxc.view.EditItemView: java.lang.String getHint()
com.yiande.jxjxc.bean.OrderProAddBean: java.lang.String getProduct_NextPrice()
com.yiande.jxjxc.bean.EmployeeBean: java.lang.String Memo
com.yiande.jxjxc.R$styleable: int TypeView_title
com.yiande.jxjxc.bean.ProductBean: int Product_Class1
com.yiande.jxjxc.R$styleable: int MaterialTextAppearance_lineHeight
com.yiande.jxjxc.R$styleable: int Chip_shapeAppearance
com.yiande.jxjxc.R$styleable: int StateListDrawable_android_exitFadeDuration
com.yiande.jxjxc.bean.UserBean: int ItemType
com.yiande.jxjxc.bean.EmployeeBean: int getSID()
com.yiande.jxjxc.bean.OrderInfoBean: int Order_Type
...
com.google.android.material.R$style: int Base_Widget_AppCompat_SearchView
com.luck.picture.lib.R$string: int picture_pause_audio
com.google.android.material.R$color: int design_dark_default_color_secondary
androidx.appcompat.resources.R$styleable: int AnimatedStateListDrawableTransition_android_fromId
com.yalantis.ucrop.R$id: int content
com.loc.d: boolean z
androidx.appcompat.widget.Toolbar: java.lang.CharSequence getSubtitle()
kotlin.text.Regex: Regex(java.util.regex.Pattern)
com.google.android.material.R$style: int Widget_MaterialComponents_Button_Icon
com.yalantis.ucrop.R$styleable: int AppCompatTheme_textAppearanceSearchResultTitle
com.luck.picture.lib.PictureSelectorActivity$AudioOnClick
okhttp3.TlsVersion: java.lang.String -deprecated_javaName()
androidx.fragment.app.Fragment: android.view.animation.Animation onCreateAnimation(int,boolean,int)
kotlin.jvm.internal.PropertyReference: kotlin.reflect.KProperty getReflected()
com.mylibrary.api.R$id: int tabMode
com.google.gson.internal.LinkedTreeMap$KeySet$1: LinkedTreeMap$KeySet$1(com.google.gson.internal.LinkedTreeMap$KeySet)
okhttp3.HttpUrl$Companion: void toPathString$okhttp(java.util.List,java.lang.StringBuilder)
com.luck.picture.lib.widget.longimage.SkiaImageDecoder: java.lang.String RESOURCE_PREFIX
androidx.recyclerview.widget.RecyclerView: int mDispatchScrollCounter
com.google.android.material.bottomnavigation.BottomNavigationItemView: void setTextColor(android.content.res.ColorStateList)
com.mylibrary.api.R$styleable: int ActionBar_divider
androidx.multidex.MultiDexExtractor$ExtractedDex
okhttp3.ConnectionSpec: java.lang.String[] cipherSuitesAsString
okio.ByteString: int -deprecated_size()
com.loc.bd
com.google.android.material.R$attr: int arrowHeadLength
okhttp3.internal.platform.android.StandardAndroidSocketAdapter: StandardAndroidSocketAdapter(java.lang.Class,java.lang.Class,java.lang.Class)
com.mylibrary.api.R$styleable: int PropertySet_visibilityMode
com.google.android.material.R$dimen: int mtrl_badge_with_text_radius
com.google.android.material.R$string: int mtrl_picker_announce_current_selection
okhttp3.HttpUrl$Builder: okhttp3.HttpUrl$Builder addEncodedPathSegment(java.lang.String)
com.mylibrary.api.R$styleable: int ConstraintSet_layout_constraintRight_creator
kotlin.text.StringsKt__StringsKt$rangesDelimitedBy$4: java.util.List $delimitersList
com.yalantis.ucrop.R$styleable: int AnimatedStateListDrawableTransition_android_fromId
com.yalantis.ucrop.R$id: int state_scale
com.yalantis.ucrop.model.CutInfo: java.lang.String getPath()
com.luck.picture.lib.PicturePlayAudioActivity: boolean isPlayAudio
androidx.appcompat.widget.AppCompatCheckedTextView: void setCheckMarkDrawable(int)
com.google.android.material.R$id: int transition_position
com.luck.picture.lib.R$style: int Base_Widget_AppCompat_TextView_SpinnerItem
okhttp3.internal.proxy.NullProxySelector: void connectFailed(java.net.URI,java.net.SocketAddress,java.io.IOException)
okhttp3.internal.platform.android.AndroidSocketAdapter: boolean matchesSocketFactory(javax.net.ssl.SSLSocketFactory)
com.luck.picture.lib.R$attr: int theme
com.loc.m$a: java.lang.String h
com.yalantis.ucrop.R$style: int TextAppearance_AppCompat_Display4
com.chad.library.adapter.base.BaseQuickAdapter: com.chad.library.adapter.base.module.BaseLoadMoreModule getLoadMoreModule()
com.chad.library.adapter.base.module.BaseDraggableModule: com.chad.library.adapter.base.listener.OnItemDragListener getMOnItemDragListener()
com.luck.picture.lib.R$layout: int picture_wechat_style_preview
com.mylibrary.api.R$color: int dim_foreground_material_dark
com.loc.dx: int u
com.loc.bg: com.loc.ak e
androidx.camera.view.R$styleable: int[] ActionMode
okhttp3.Response: okhttp3.CacheControl -deprecated_cacheControl()
com.luck.picture.lib.adapter.PictureImageGridAdapter: void setOnPhotoSelectChangedListener(com.luck.picture.lib.listener.OnPhotoSelectChangedListener)
com.yalantis.ucrop.R$style: int TextAppearance_Widget_AppCompat_ExpandedMenu_Item