jxjxcConcise/proguard/unused.txt
com.yiande.jxjxc.update.UpAPP
com.yiande.jxjxc.databinding.ItmOrderProBinding:
    public static com.yiande.jxjxc.databinding.ItmOrderProBinding inflate(android.view.LayoutInflater,android.view.ViewGroup,boolean)
    public static com.yiande.jxjxc.databinding.ItmOrderProBinding inflate(android.view.LayoutInflater,android.view.ViewGroup,boolean,java.lang.Object)
    public static com.yiande.jxjxc.databinding.ItmOrderProBinding inflate(android.view.LayoutInflater)
    public static com.yiande.jxjxc.databinding.ItmOrderProBinding inflate(android.view.LayoutInflater,java.lang.Object)
    public static com.yiande.jxjxc.databinding.ItmOrderProBinding bind(android.view.View)
    public static com.yiande.jxjxc.databinding.ItmOrderProBinding bind(android.view.View,java.lang.Object)
    public java.lang.String getIndex()
    public java.lang.Boolean getShowMore()
    public com.yiande.jxjxc.bean.OrderProAddBean getData()
    public java.lang.Integer getOrderType()
    public java.lang.Boolean getIsKg()
com.yiande.jxjxc.databinding.ActivityImgDetailBinding:
    public static com.yiande.jxjxc.databinding.ActivityImgDetailBinding inflate(android.view.LayoutInflater,android.view.ViewGroup,boolean)
    public static com.yiande.jxjxc.databinding.ActivityImgDetailBinding inflate(android.view.LayoutInflater,android.view.ViewGroup,boolean,java.lang.Object)
    public static com.yiande.jxjxc.databinding.ActivityImgDetailBinding inflate(android.view.LayoutInflater)
    public static com.yiande.jxjxc.databinding.ActivityImgDetailBinding inflate(android.view.LayoutInflater,java.lang.Object)
    public static com.yiande.jxjxc.databinding.ActivityImgDetailBinding bind(android.view.View)
    public static com.yiande.jxjxc.databinding.ActivityImgDetailBinding bind(android.view.View,java.lang.Object)
com.yiande.jxjxc.databinding.ItmBalanceBinding:
    public static com.yiande.jxjxc.databinding.ItmBalanceBinding inflate(android.view.LayoutInflater,android.view.ViewGroup,boolean)
    public static com.yiande.jxjxc.databinding.ItmBalanceBinding inflate(android.view.LayoutInflater,android.view.ViewGroup,boolean,java.lang.Object)
    public static com.yiande.jxjxc.databinding.ItmBalanceBinding inflate(android.view.LayoutInflater)
    public static com.yiande.jxjxc.databinding.ItmBalanceBinding inflate(android.view.LayoutInflater,java.lang.Object)
    public static com.yiande.jxjxc.databinding.ItmBalanceBinding bind(android.view.View)
    public static com.yiande.jxjxc.databinding.ItmBalanceBinding bind(android.view.View,java.lang.Object)
    public com.yiande.jxjxc.bean.BalanceRowsBean getData()
com.yiande.jxjxc.DataBindingTriggerClass
com.yiande.jxjxc.databinding.ActivityEmployeeBinding:
    public static com.yiande.jxjxc.databinding.ActivityEmployeeBinding inflate(android.view.LayoutInflater,android.view.ViewGroup,boolean)
    public static com.yiande.jxjxc.databinding.ActivityEmployeeBinding inflate(android.view.LayoutInflater,android.view.ViewGroup,boolean,java.lang.Object)
    public static com.yiande.jxjxc.databinding.ActivityEmployeeBinding inflate(android.view.LayoutInflater)
    public static com.yiande.jxjxc.databinding.ActivityEmployeeBinding inflate(android.view.LayoutInflater,java.lang.Object)
    public static com.yiande.jxjxc.databinding.ActivityEmployeeBinding bind(android.view.View)
    public static com.yiande.jxjxc.databinding.ActivityEmployeeBinding bind(android.view.View,java.lang.Object)
    public com.yiande.jxjxc.bean.EmployeeBean getData()
...
io.reactivex.rxjava3.internal.operators.completable.CompletableEmpty
io.reactivex.rxjava3.internal.operators.single.SingleHide$HideSingleObserver
io.reactivex.rxjava3.internal.operators.observable.ObservablePublishSelector$TargetObserver
io.reactivex.rxjava3.internal.operators.flowable.FlowableCombineLatest
io.reactivex.rxjava3.internal.operators.flowable.FlowableTake
io.reactivex.rxjava3.internal.operators.flowable.FlowableFromIterable$BaseRangeSubscription
androidx.core.math.MathUtils:
    private void <init>()
    public static double clamp(double,double,double)
androidx.core.os.TraceCompat:
    public static boolean isEnabled()
    public static void beginAsyncSection(java.lang.String,int)
    public static void endAsyncSection(java.lang.String,int)
    public static void setCounter(java.lang.String,int)
    private void <init>()
    private static final java.lang.String TAG
kotlin.ExperimentalStdlibApi
io.reactivex.rxjava3.observers.ResourceObserver
androidx.appcompat.app.AlertController$AlertParams:
    public boolean mForceInverseBackground
io.reactivex.rxjava3.internal.jdk8.ObservableFromCompletionStage$BiConsumerAtomicReference
androidx.recyclerview.widget.StaggeredGridLayoutManager:
    public void <init>(int,int)
    public int getGapStrategy()
    public void setGapStrategy(int)
    public boolean getReverseLayout()
    public int[] findFirstVisibleItemPositions(int[])
    public int[] findFirstCompletelyVisibleItemPositions(int[])
    public int[] findLastVisibleItemPositions(int[])
    public void scrollToPositionWithOffset(int,int)
    private static final java.lang.String TAG
    static final boolean DEBUG
    public static final int HORIZONTAL
    public static final int VERTICAL
    public static final int GAP_HANDLING_NONE
    public static final int GAP_HANDLING_LAZY
    public static final int GAP_HANDLING_MOVE_ITEMS_BETWEEN_SPANS
    static final int INVALID_OFFSET
    private static final float MAX_SCROLL_FACTOR
me.simple.picker.datepicker.YearPickerView:
    public static synthetic void setYearInterval$default(me.simple.picker.datepicker.YearPickerView,int,int,int,java.lang.Object)
    public final int getYear(int)
    public android.view.View _$_findCachedViewById(int)
    public void _$_clearFindViewByIdCache()
    private java.util.HashMap _$_findViewCache
androidx.databinding.ViewStubProxy$1
kotlin.collections.AbstractMap$values$1$iterator$1
androidx.appcompat.widget.ActivityChooserModel:
    public static androidx.appcompat.widget.ActivityChooserModel get(android.content.Context,java.lang.String)
    private void <init>(android.content.Context,java.lang.String)
    private void persistHistoricalDataIfNeeded()
    private void ensureConsistentState()
    private boolean sortActivitiesIfNeeded()
    private boolean loadActivitiesIfNeeded()
    private boolean readHistoricalDataIfNeeded()
    private boolean addHistoricalRecord(androidx.appcompat.widget.ActivityChooserModel$HistoricalRecord)
    private void pruneExcessiveHistoricalRecordsIfNeeded()
    private void readHistoricalDataImpl()
    static void <clinit>()
    public void setIntent(android.content.Intent)
    public android.content.Intent getIntent()
    public void setOnChooseActivityListener(androidx.appcompat.widget.ActivityChooserModel$OnChooseActivityListener)
    public void setActivitySorter(androidx.appcompat.widget.ActivityChooserModel$ActivitySorter)
    public void setHistoryMaxSize(int)
    public int getHistoryMaxSize()
    private final java.lang.Object mInstanceLock
    private final java.util.List mActivities
    private final java.util.List mHistoricalRecords
    final android.content.Context mContext
    final java.lang.String mHistoryFileName
    private android.content.Intent mIntent
    private androidx.appcompat.widget.ActivityChooserModel$ActivitySorter mActivitySorter
    private int mHistoryMaxSize
io.reactivex.rxjava3.internal.operators.observable.ObservableBufferTimed$BufferSkipBoundedObserver$RemoveFromBuffer